Using pre-set license
Built from '2020.3/staging' branch; Version is '2020.3.37f1 (8c66806a0c04) revision 9201280'; Using compiler version '192528614'; Build Type 'Release'
OS: 'Windows 10  (10.0.19044) 64bit Core' Language: 'ru' Physical Memory: 16185 MB
BatchMode: 1, IsHumanControllingUs: 0, StartBugReporterOnCrash: 0, Is64bit: 1, IsPro: 0

COMMAND LINE ARGUMENTS:
C:\Program Files\Unity\Hub\Editor\2020.3.37f1\Editor\Unity.exe
-adb2
-batchMode
-noUpm
-name
AssetImportWorker0
-projectPath
C:/Un/WellGame
-logFile
Logs/AssetImportWorker0.log
-srvPort
54111
Successfully changed project path to: C:/Un/WellGame
C:/Un/WellGame
Using Asset Import Pipeline V2.
Refreshing native plugins compatible for Editor in 38.79 ms, found 3 plugins.
Preloading 0 native plugins for Editor in 0.00 ms.
Initialize engine version: 2020.3.37f1 (8c66806a0c04)
[Subsystems] Discovering subsystems at path C:/Program Files/Unity/Hub/Editor/2020.3.37f1/Editor/Data/Resources/UnitySubsystems
[Subsystems] Discovering subsystems at path C:/Un/WellGame/Assets
GfxDevice: creating device client; threaded=0
Direct3D:
    Version:  Direct3D 11.0 [level 11.1]
    Renderer: NVIDIA GeForce GTX 1660 Ti with Max-Q Design (ID=0x2191)
    Vendor:   
    VRAM:     5991 MB
    Driver:   30.0.15.1278
Initialize mono
Mono path[0] = 'C:/Program Files/Unity/Hub/Editor/2020.3.37f1/Editor/Data/Managed'
Mono path[1] = 'C:/Program Files/Unity/Hub/Editor/2020.3.37f1/Editor/Data/MonoBleedingEdge/lib/mono/unityjit'
Mono config path = 'C:/Program Files/Unity/Hub/Editor/2020.3.37f1/Editor/Data/MonoBleedingEdge/etc'
Using monoOptions --debugger-agent=transport=dt_socket,embedding=1,server=y,suspend=n,address=127.0.0.1:56232
Begin MonoManager ReloadAssembly
Registering precompiled unity dll's ...
Register platform support module: C:/Program Files/Unity/Hub/Editor/2020.3.37f1/Editor/Data/PlaybackEngines/WindowsStandaloneSupport/UnityEditor.WindowsStandalone.Extensions.dll
Registered in 0.001423 seconds.
Native extension for WindowsStandalone target not found
Refreshing native plugins compatible for Editor in 45.39 ms, found 3 plugins.
Preloading 0 native plugins for Editor in 0.00 ms.
Mono: successfully reloaded assembly
- Completed reload, in  0.601 seconds
Domain Reload Profiling:
	ReloadAssembly (601ms)
		BeginReloadAssembly (61ms)
			ExecutionOrderSort (0ms)
			DisableScriptedObjects (0ms)
			BackupInstance (0ms)
			ReleaseScriptingObjects (0ms)
			CreateAndSetChildDomain (1ms)
		EndReloadAssembly (474ms)
			LoadAssemblies (59ms)
			RebuildTransferFunctionScriptingTraits (0ms)
			SetupTypeCache (147ms)
			ReleaseScriptCaches (0ms)
			RebuildScriptCaches (34ms)
			SetupLoadedEditorAssemblies (173ms)
				LogAssemblyErrors (0ms)
				InitializePlatformSupportModulesInManaged (3ms)
				SetLoadedEditorAssemblies (1ms)
				RefreshPlugins (45ms)
				BeforeProcessingInitializeOnLoad (16ms)
				ProcessInitializeOnLoadAttributes (78ms)
				ProcessInitializeOnLoadMethodAttributes (28ms)
				AfterProcessingInitializeOnLoad (0ms)
				EditorAssembliesLoaded (0ms)
			ExecutionOrderSort2 (0ms)
			AwakeInstancesAfterBackupRestoration (0ms)
Platform modules already initialized, skipping
Registering precompiled user dll's ...
Registered in 0.002485 seconds.
Begin MonoManager ReloadAssembly
Native extension for WindowsStandalone target not found
Refreshing native plugins compatible for Editor in 46.07 ms, found 3 plugins.
Preloading 0 native plugins for Editor in 0.00 ms.
Mono: successfully reloaded assembly
- Completed reload, in  1.104 seconds
Domain Reload Profiling:
	ReloadAssembly (1105ms)
		BeginReloadAssembly (139ms)
			ExecutionOrderSort (0ms)
			DisableScriptedObjects (5ms)
			BackupInstance (0ms)
			ReleaseScriptingObjects (0ms)
			CreateAndSetChildDomain (19ms)
		EndReloadAssembly (909ms)
			LoadAssemblies (84ms)
			RebuildTransferFunctionScriptingTraits (0ms)
			SetupTypeCache (321ms)
			ReleaseScriptCaches (0ms)
			RebuildScriptCaches (46ms)
			SetupLoadedEditorAssemblies (335ms)
				LogAssemblyErrors (0ms)
				InitializePlatformSupportModulesInManaged (3ms)
				SetLoadedEditorAssemblies (0ms)
				RefreshPlugins (46ms)
				BeforeProcessingInitializeOnLoad (87ms)
				ProcessInitializeOnLoadAttributes (174ms)
				ProcessInitializeOnLoadMethodAttributes (19ms)
				AfterProcessingInitializeOnLoad (5ms)
				EditorAssembliesLoaded (0ms)
			ExecutionOrderSort2 (0ms)
			AwakeInstancesAfterBackupRestoration (2ms)
Platform modules already initialized, skipping
========================================================================
Worker process is ready to serve import requests
Launched and connected shader compiler UnityShaderCompiler.exe after 0.05 seconds
Refreshing native plugins compatible for Editor in 0.72 ms, found 3 plugins.
Preloading 0 native plugins for Editor in 0.00 ms.
Unloading 2212 Unused Serialized files (Serialized files now loaded: 0)
System memory in use before: 97.3 MB.
System memory in use after: 97.4 MB.

Unloading 25 unused Assets to reduce memory usage. Loaded Objects now: 2651.
Total: 2.773400 ms (FindLiveObjects: 0.178700 ms CreateObjectMapping: 0.070600 ms MarkObjects: 2.399500 ms  DeleteObjects: 0.124000 ms)

AssetImportParameters requested are different than current active one (requested -> active):
  custom:framework-win-MediaFoundation: 216162199b28c13a410421893ffa2e32 -> 
  custom:video-decoder-ogg-theora: a1e56fd34408186e4bbccfd4996cb3dc -> 
  custom:container-muxer-webm: aa71ff27fc2769a1b78a27578f13a17b -> 
  custom:container-demuxer-webm: 4f35f7cbe854078d1ac9338744f61a02 -> 
  custom:container-demuxer-ogg: 62fdf1f143b41e24485cea50d1cbac27 -> 
  custom:video-encoder-webm-vp8: eb34c28f22e8b96e1ab97ce403110664 -> 
  custom:video-decoder-webm-vp8: 9c59270c3fd7afecdb556c50c9e8de78 -> 
  custom:audio-decoder-ogg-vorbis: bf7c407c2cedff20999df2af8eb42d56 -> 
  custom:audio-encoder-webm-vorbis: bf7c407c2cedff20999df2af8eb42d56 -> 
========================================================================
Received Import Request.
  path: Assets/Sounds/Death by Fireball.wav
  artifactKey: Guid(3a98cd5b5373a474387c09188c2dff99) Importer(815301076,1909f56bfc062723c751e8b465ee728b)
Start importing Assets/Sounds/Death by Fireball.wav using Guid(3a98cd5b5373a474387c09188c2dff99) Importer(815301076,1909f56bfc062723c751e8b465ee728b)  -> (artifact id: '70d237944aa7ecb66c9c1a326c1ad1fa') in 0.134110 seconds 
========================================================================
Received Import Request.
  Time since last request: 0.000341 seconds.
  path: Assets/Sounds/Ghost Released.wav
  artifactKey: Guid(12b6f0b87024646b7b7a774a8eafe05c) Importer(815301076,1909f56bfc062723c751e8b465ee728b)
Start importing Assets/Sounds/Ghost Released.wav using Guid(12b6f0b87024646b7b7a774a8eafe05c) Importer(815301076,1909f56bfc062723c751e8b465ee728b)  -> (artifact id: 'cf925cc156497fa2723469e4f7cd0eea') in 0.026764 seconds 
========================================================================
Received Import Request.
  Time since last request: 0.000300 seconds.
  path: Assets/Sounds/Death by Static Object.wav
  artifactKey: Guid(01f591af366c34020a6fe9a9d569e78c) Importer(815301076,1909f56bfc062723c751e8b465ee728b)
Start importing Assets/Sounds/Death by Static Object.wav using Guid(01f591af366c34020a6fe9a9d569e78c) Importer(815301076,1909f56bfc062723c751e8b465ee728b)  -> (artifact id: '8f3eacfa99801886ae43b1e740c3e253') in 0.026067 seconds 
========================================================================
Received Import Request.
  Time since last request: 0.000292 seconds.
  path: Assets/Sounds/Treasure Collected.wav
  artifactKey: Guid(eaceb73c0bd984617befe2f18589fc0e) Importer(815301076,1909f56bfc062723c751e8b465ee728b)
Start importing Assets/Sounds/Treasure Collected.wav using Guid(eaceb73c0bd984617befe2f18589fc0e) Importer(815301076,1909f56bfc062723c751e8b465ee728b)  -> (artifact id: 'add8acda303a49611f606e638417f5af') in 0.026765 seconds 
========================================================================
Received Import Request.
  Time since last request: 0.000236 seconds.
  path: Assets/Sounds/Game Over.wav
  artifactKey: Guid(070a45332512c4d5a8b481f70ac99e27) Importer(815301076,1909f56bfc062723c751e8b465ee728b)
Start importing Assets/Sounds/Game Over.wav using Guid(070a45332512c4d5a8b481f70ac99e27) Importer(815301076,1909f56bfc062723c751e8b465ee728b)  -> (artifact id: 'b21bfd3c45c4743f64967cf001778623') in 0.028051 seconds 
========================================================================
Received Import Request.
  Time since last request: 0.000285 seconds.
  path: Assets/Sounds/Death by Moving Object.wav
  artifactKey: Guid(ae139a03b6fbc4e238ce05171452610e) Importer(815301076,1909f56bfc062723c751e8b465ee728b)
Start importing Assets/Sounds/Death by Moving Object.wav using Guid(ae139a03b6fbc4e238ce05171452610e) Importer(815301076,1909f56bfc062723c751e8b465ee728b)  -> (artifact id: '9397ff9e0ce4cf5ab00dd68bb7769856') in 0.025040 seconds 
========================================================================
Received Import Request.
  Time since last request: 0.000292 seconds.
  path: Assets/Sounds/You Win.wav
  artifactKey: Guid(db3dc04db170d487ca696838ffc6c013) Importer(815301076,1909f56bfc062723c751e8b465ee728b)
Start importing Assets/Sounds/You Win.wav using Guid(db3dc04db170d487ca696838ffc6c013) Importer(815301076,1909f56bfc062723c751e8b465ee728b)  -> (artifact id: 'ccb546d11455f2ada216e54c26ef0b5e') in 0.025980 seconds 
========================================================================
Received Import Request.
  Time since last request: 0.000407 seconds.
  path: Assets/Sounds/Fireball Shoots.wav
  artifactKey: Guid(2fc68f02d5a7a4712aaebceb80ff059d) Importer(815301076,1909f56bfc062723c751e8b465ee728b)
Start importing Assets/Sounds/Fireball Shoots.wav using Guid(2fc68f02d5a7a4712aaebceb80ff059d) Importer(815301076,1909f56bfc062723c751e8b465ee728b)  -> (artifact id: '8ecfef4f2dee90caf70191c47b302d63') in 0.027425 seconds 
========================================================================
Received Import Request.
  Time since last request: 14.915993 seconds.
  path: Assets/Scripts/BodyPart.cs
  artifactKey: Guid(7dfc756c79afe1740b111944009e29ab) Importer(815301076,1909f56bfc062723c751e8b465ee728b)
Start importing Assets/Scripts/BodyPart.cs using Guid(7dfc756c79afe1740b111944009e29ab) Importer(815301076,1909f56bfc062723c751e8b465ee728b)  -> (artifact id: '2b0ef65b1d264a4f50e9fe3c306769eb') in 0.011782 seconds 
========================================================================
Received Import Request.
  Time since last request: 431.415175 seconds.
  path: Assets/Scripts/CameraFollow.cs
  artifactKey: Guid(5b1f8c93249d868478211ef6d72f06a1) Importer(815301076,1909f56bfc062723c751e8b465ee728b)
Start importing Assets/Scripts/CameraFollow.cs using Guid(5b1f8c93249d868478211ef6d72f06a1) Importer(815301076,1909f56bfc062723c751e8b465ee728b)  -> (artifact id: '8888acc8b58a2e4794c1eb8255c655af') in 0.031787 seconds 
========================================================================
Received Import Request.
  Time since last request: 2.719910 seconds.
  path: Assets/Scripts/Swinging.cs
  artifactKey: Guid(714b013f6eb92dc47af34ddd9abfdd0e) Importer(815301076,1909f56bfc062723c751e8b465ee728b)
Start importing Assets/Scripts/Swinging.cs using Guid(714b013f6eb92dc47af34ddd9abfdd0e) Importer(815301076,1909f56bfc062723c751e8b465ee728b)  -> (artifact id: 'f95a2bc8f56c3eee799366da0fb43b20') in 0.027176 seconds 
AssetImportWorkerClient::OnTransportError - code=2 error=End of file
